<?xml version="1.0" encoding="UTF-8"?>
<!-- Generated by org.testng.reporters.JUnitXMLReporter -->
<testsuite hostname="DESKTOP-DF9ER86" ignored="0" name="Test" tests="1" failures="1" timestamp="24 Jan 2023 16:59:35 GMT" time="0.094" errors="0">
  <testcase name="dataPro" time="0.046" classname="com.testng.B">
    <failure type="org.testng.internal.reflect.MethodMatcherException" message="
Data provider mismatch
Method: dataPro([])
Arguments: [(java.lang.String) ajith,(java.lang.String) ajith]">
      <![CDATA[org.testng.internal.reflect.MethodMatcherException: 
Data provider mismatch
Method: dataPro([])
Arguments: [(java.lang.String) ajith,(java.lang.String) ajith]
... Removed 20 stack frames]]>
    </failure>
  </testcase> <!-- dataPro -->
</testsuite> <!-- Test -->
